<?xml version="1.0" encoding="UTF-8"?>
<coverage generated="1734807168709" clover="3.2.0">
  <project timestamp="1734807168709" name="All files">
    <metrics statements="9" coveredstatements="6" conditionals="0" coveredconditionals="0" methods="4" coveredmethods="2" elements="13" coveredelements="8" complexity="0" loc="9" ncloc="9" packages="1" files="2" classes="2"/>
    <file name="Contact.js" path="C:\Users\Meghana\Downloads\Project-M\src\components\Contact.js">
      <metrics statements="2" coveredstatements="2" conditionals="0" coveredconditionals="0" methods="1" coveredmethods="1"/>
      <line num="1" count="1" type="stmt"/>
      <line num="2" count="4" type="stmt"/>
    </file>
    <file name="RestaurantCard.js" path="C:\Users\Meghana\Downloads\Project-M\src\components\RestaurantCard.js">
      <metrics statements="7" coveredstatements="4" conditionals="0" coveredconditionals="0" methods="3" coveredmethods="1"/>
      <line num="5" count="1" type="stmt"/>
      <line num="6" count="5" type="stmt"/>
      <line num="8" count="4" type="stmt"/>
      <line num="9" count="0" type="stmt"/>
      <line num="30" count="1" type="stmt"/>
      <line num="31" count="0" type="stmt"/>
      <line num="32" count="0" type="stmt"/>
    </file>
  </project>
</coverage>
